<?xml version="1.0" encoding="UTF-8"?>
<testng-results skipped="0" failed="0" ignored="0" total="1" passed="1">
  <reporter-output>
  </reporter-output>
  <suite name="Default suite" duration-ms="45638" started-at="2018-09-10T10:08:45Z" finished-at="2018-09-10T10:09:31Z">
    <groups>
    </groups>
    <test name="Default test" duration-ms="45638" started-at="2018-09-10T10:08:45Z" finished-at="2018-09-10T10:09:31Z">
      <class name="com.MindsNxt.selenium.Seleniumdemo">
        <test-method status="PASS" signature="start()[pri:0, instance:com.MindsNxt.selenium.Seleniumdemo@12cdcf4]" name="start" duration-ms="45583" started-at="2018-09-10T10:08:45Z" finished-at="2018-09-10T10:09:31Z">
          <reporter-output>
          </reporter-output>
        </test-method> <!-- start -->
      </class> <!-- com.MindsNxt.selenium.Seleniumdemo -->
    </test> <!-- Default test -->
  </suite> <!-- Default suite -->
</testng-results>
