<?xml version="1.0" encoding="UTF-8"?>
<testng-results skipped="0" failed="0" ignored="0" total="6" passed="6">
  <reporter-output>
  </reporter-output>
  <suite name="Suite" duration-ms="199056" started-at="2018-09-18T06:51:17Z" finished-at="2018-09-18T06:54:36Z">
    <groups>
    </groups>
    <test name="Test" duration-ms="199056" started-at="2018-09-18T06:51:17Z" finished-at="2018-09-18T06:54:36Z">
      <class name="com.MindsNxt.selenium.class5">
        <test-method status="PASS" signature="start()[pri:0, instance:com.MindsNxt.selenium.class5@3aeaafa6]" name="start" duration-ms="33234" started-at="2018-09-18T06:53:44Z" finished-at="2018-09-18T06:54:17Z">
          <reporter-output>
          </reporter-output>
        </test-method> <!-- start -->
      </class> <!-- com.MindsNxt.selenium.class5 -->
      <class name="com.MindsNxt.selenium.class4">
        <test-method status="PASS" signature="start()[pri:0, instance:com.MindsNxt.selenium.class4@63440df3]" name="start" duration-ms="15673" started-at="2018-09-18T06:53:28Z" finished-at="2018-09-18T06:53:44Z">
          <reporter-output>
          </reporter-output>
        </test-method> <!-- start -->
      </class> <!-- com.MindsNxt.selenium.class4 -->
      <class name="com.MindsNxt.selenium.class6">
        <test-method status="PASS" signature="start()[pri:0, instance:com.MindsNxt.selenium.class6@76a3e297]" name="start" duration-ms="18622" started-at="2018-09-18T06:54:17Z" finished-at="2018-09-18T06:54:36Z">
          <reporter-output>
          </reporter-output>
        </test-method> <!-- start -->
      </class> <!-- com.MindsNxt.selenium.class6 -->
      <class name="com.MindsNxt.selenium.class1">
        <test-method status="PASS" signature="start()[pri:0, instance:com.MindsNxt.selenium.class1@1e7c7811]" name="start" duration-ms="28524" started-at="2018-09-18T06:51:17Z" finished-at="2018-09-18T06:51:45Z">
          <reporter-output>
          </reporter-output>
        </test-method> <!-- start -->
      </class> <!-- com.MindsNxt.selenium.class1 -->
      <class name="com.MindsNxt.selenium.class3">
        <test-method status="PASS" signature="Login()[pri:0, instance:com.MindsNxt.selenium.class3@77f99a05]" name="Login" duration-ms="86229" started-at="2018-09-18T06:52:02Z" finished-at="2018-09-18T06:53:28Z">
          <reporter-output>
          </reporter-output>
        </test-method> <!-- Login -->
      </class> <!-- com.MindsNxt.selenium.class3 -->
      <class name="com.MindsNxt.selenium.class2">
        <test-method status="PASS" signature="start()[pri:0, instance:com.MindsNxt.selenium.class2@a38d7a3]" name="start" duration-ms="16693" started-at="2018-09-18T06:51:45Z" finished-at="2018-09-18T06:52:02Z">
          <reporter-output>
          </reporter-output>
        </test-method> <!-- start -->
      </class> <!-- com.MindsNxt.selenium.class2 -->
    </test> <!-- Test -->
  </suite> <!-- Suite -->
</testng-results>
