<?xml version="1.0" encoding="UTF-8"?>
<!-- Generated by org.testng.reporters.JUnitXMLReporter -->
<testsuite hostname="all-PC" ignored="0" name="Test" tests="6" failures="0" timestamp="18 Sep 2018 06:54:36 GMT" time="199.056" errors="0">
  <testcase name="start" time="28.524" classname="com.MindsNxt.selenium.class1"/>
  <testcase name="start" time="16.693" classname="com.MindsNxt.selenium.class2"/>
  <testcase name="Login" time="86.229" classname="com.MindsNxt.selenium.class3"/>
  <testcase name="start" time="15.673" classname="com.MindsNxt.selenium.class4"/>
  <testcase name="start" time="33.234" classname="com.MindsNxt.selenium.class5"/>
  <testcase name="start" time="18.622" classname="com.MindsNxt.selenium.class6"/>
</testsuite> <!-- Test -->
